<?xml version="1.0" encoding="UTF-8"?>
<!-- Generated by org.testng.reporters.JUnitReportReporter -->
<testsuite hostname="test-PC" name="test1.ParameterizedTest1" tests="1" failures="0" timestamp="21 Jan 2017 08:51:20 GMT" time="0.006" errors="0">
  <testcase name="login" time="0.006" classname="test1.ParameterizedTest1"/>
</testsuite> <!-- test1.ParameterizedTest1 -->
