<?xml version="1.0" encoding="UTF-8"?>
<!-- Generated by org.testng.reporters.JUnitReportReporter -->
<testsuite hostname="test-PC" name="test1.SampleTest" tests="1" failures="0" timestamp="27 Jan 2017 02:20:55 GMT" time="0.013" errors="0">
  <testcase name="login" time="0.013" classname="test1.SampleTest"/>
</testsuite> <!-- test1.SampleTest -->
