<?xml version="1.0" encoding="UTF-8"?>
<!-- Generated by org.testng.reporters.JUnitReportReporter -->
<testsuite hostname="test-PC" name="test1.REL" tests="5" failures="0" timestamp="14 Feb 2017 07:33:04 GMT" time="106.236" errors="0">
  <testcase name="neworder2" time="11.326" classname="test1.REL"/>
  <testcase name="neworder4" time="52.474" classname="test1.REL"/>
  <testcase name="neworder1" time="17.170" classname="test1.REL"/>
  <testcase name="testlogin" time="7.548" classname="test1.REL"/>
  <testcase name="neworder3" time="17.718" classname="test1.REL"/>
</testsuite> <!-- test1.REL -->
