<?xml version="1.0" encoding="UTF-8"?>
<!-- Generated by org.testng.reporters.JUnitReportReporter -->
<testsuite hostname="test-PC" name="test1.ParameterizedTest1" tests="1" failures="0" timestamp="26 Jan 2017 11:34:35 GMT" time="10.643" errors="0">
  <testcase name="login" time="10.643" classname="test1.ParameterizedTest1"/>
</testsuite> <!-- test1.ParameterizedTest1 -->
