<?xml version="1.0" encoding="UTF-8"?>
<!-- Generated by org.testng.reporters.JUnitReportReporter -->
<testsuite hostname="test-PC" name="oc.oc" tests="2" failures="0" timestamp="7 Apr 2017 12:13:19 GMT" time="12.060" errors="0">
  <testcase name="oc_app_query_keys" time="9.448" classname="oc.oc"/>
  <testcase name="login" time="2.612" classname="oc.oc"/>
</testsuite> <!-- oc.oc -->
