<?xml version="1.0" encoding="UTF-8"?>
<!-- Generated by org.testng.reporters.JUnitReportReporter -->
<testsuite hostname="test-PC" name="test1.Testng1" tests="2" failures="0" timestamp="11 Jan 2017 07:07:36 GMT" time="127.449" errors="0">
  <testcase name="neworder" time="120.052" classname="test1.Testng1"/>
  <testcase name="testlogin" time="7.397" classname="test1.Testng1"/>
</testsuite> <!-- test1.Testng1 -->
