<?xml version="1.0" encoding="UTF-8"?>
<!-- Generated by org.testng.reporters.JUnitReportReporter -->
<testsuite hostname="test-PC" name="test1.NewTest" tests="9" failures="0" timestamp="10 Feb 2017 04:29:48 GMT" time="50.830" errors="0">
  <testcase name="SheBao" time="2.197" classname="test1.NewTest"/>
  <testcase name="ps" time="3.484" classname="test1.NewTest"/>
  <testcase name="NCIIC_Check" time="2.216" classname="test1.NewTest"/>
  <testcase name="login" time="15.285" classname="test1.NewTest"/>
  <testcase name="testlogin" time="6.741" classname="test1.NewTest"/>
  <testcase name="xuexin" time="2.146" classname="test1.NewTest"/>
  <testcase name="Sell_Pic" time="8.940" classname="test1.NewTest"/>
  <testcase name="Score" time="7.644" classname="test1.NewTest"/>
  <testcase name="NCIIC_Pic" time="2.177" classname="test1.NewTest"/>
</testsuite> <!-- test1.NewTest -->
