<?xml version="1.0" encoding="UTF-8"?>
<!-- Generated by org.testng.reporters.JUnitReportReporter -->
<testsuite hostname="test-PC" name="test1.Testng2UAT" tests="2" failures="0" timestamp="11 Jan 2017 07:52:05 GMT" time="131.179" errors="0">
  <testcase name="neworder" time="123.635" classname="test1.Testng2UAT"/>
  <testcase name="testlogin" time="7.544" classname="test1.Testng2UAT"/>
</testsuite> <!-- test1.Testng2UAT -->
