<?xml version="1.0" encoding="UTF-8"?>
<!-- Generated by org.testng.reporters.JUnitReportReporter -->
<testsuite hostname="test-PC" name="oc.oc_login" tests="1" failures="0" timestamp="27 Mar 2017 03:35:25 GMT" time="10.231" errors="0">
  <testcase name="login" time="10.231" classname="oc.oc_login"/>
</testsuite> <!-- oc.oc_login -->
