<?xml version="1.0" encoding="UTF-8"?>
<!-- Generated by org.testng.reporters.JUnitReportReporter -->
<testsuite hostname="test-PC" name="test1.SIT" tests="5" failures="0" timestamp="7 Feb 2017 10:09:13 GMT" time="101.232" errors="0">
  <testcase name="neworder3" time="17.488" classname="test1.SIT"/>
  <testcase name="neworder1" time="16.749" classname="test1.SIT"/>
  <testcase name="testlogin" time="7.376" classname="test1.SIT"/>
  <testcase name="neworder4" time="48.677" classname="test1.SIT"/>
  <testcase name="neworder2" time="10.942" classname="test1.SIT"/>
</testsuite> <!-- test1.SIT -->
