<?xml version="1.0" encoding="UTF-8"?>
<!-- Generated by org.testng.reporters.JUnitReportReporter -->
<testsuite hostname="test-PC" name="test1.Testngpara" tests="1" failures="0" timestamp="20 Jan 2017 07:30:37 GMT" time="0.011" errors="0">
  <testcase name="showpara" time="0.011" classname="test1.Testngpara"/>
</testsuite> <!-- test1.Testngpara -->
